app/build/outputs/logs/manifest-merger-debug-report.txt
-- Merging decision tree log ---
manifest
ADDED from src/main/AndroidManifest.xml:2:1-301:12
INJECTED from src/main/AndroidManifest.xml:2:1-301:12
INJECTED from src/main/AndroidManifest.xml:2:1-301:12
INJECTED from src/main/AndroidManifest.xml:2:1-301:12
MERGED from [com.squareup.leakcanary:leakcanary-android:1.5.4] AndroidManifest.xml:17:1-61:12
MERGED from [com.zhihu.android:matisse:0.4.3] AndroidManifest.xml:17:1-33:12
MERGED from [com.github.chaychan:BottomBarLayout:1.1.2] AndroidManifest.xml:2:1-17:12
MERGED from [com.android.support:design:28.0.0] AndroidManifest.xml:17:1-24:12
MERGED from [com.android.support:appcompat-v7:28.0.0] AndroidManifest.xml:17:1-22:12
MERGED from [io.reactivex.rxjava2:rxandroid:2.0.1] AndroidManifest.xml:15:1-21:12
MERGED from [com.android.support:recyclerview-v7:28.0.0] AndroidManifest.xml:17:1-22:12
MERGED from [me.imid.swipebacklayout.lib:library:1.1.0] AndroidManifest.xml:2:1-15:12
MERGED from [com.github.chrisbanes:PhotoView:2.1.3] AndroidManifest.xml:2:1-12:12
MERGED from [top.zibin:Luban:1.1.8] AndroidManifest.xml:2:1-11:12
MERGED from [me.jessyan:autosize:1.0.1] AndroidManifest.xml:2:1-19:12
MERGED from [q.rorbin:badgeview:1.1.3] AndroidManifest.xml:2:1-13:12
MERGED from [com.github.medyo:dynamicbox:1.2] AndroidManifest.xml:2:1-11:12
MERGED from [com.scwang.smartrefresh:SmartRefreshLayout:1.1.0-alpha-14] AndroidManifest.xml:2:1-17:12
MERGED from [com.scwang.smartrefresh:SmartRefreshHeader:1.1.0-alpha-14] AndroidManifest.xml:2:1-17:12
MERGED from [com.jakewharton:butterknife:8.4.0] AndroidManifest.xml:2:1-7:12
MERGED from [com.github.hotchemi:permissionsdispatcher:2.3.1] AndroidManifest.xml:2:1-11:12
MERGED from [com.android.support:multidex:1.0.1] AndroidManifest.xml:16:1-19:12
MERGED from [com.tencent.bugly:crashreport_upgrade:1.3.5] AndroidManifest.xml:2:1-46:12
MERGED from [com.tencent.tinker:tinker-android-lib:1.9.6] AndroidManifest.xml:2:1-28:12
MERGED from [com.tencent.bugly:nativecrashreport:3.3.1] AndroidManifest.xml:2:1-9:12
MERGED from [com.meituan.android.walle:library:1.1.6] AndroidManifest.xml:2:1-13:12
MERGED from [cn.jiguang.sdk:jpush:3.1.6] AndroidManifest.xml:2:1-134:12
MERGED from [cn.jiguang.sdk:jcore:1.2.5] AndroidManifest.xml:2:1-14:12
MERGED from [com.squareup.leakcanary:leakcanary-analyzer:1.5.4] AndroidManifest.xml:17:1-25:12
MERGED from [com.android.support:transition:28.0.0] AndroidManifest.xml:17:1-22:12
MERGED from [com.android.support:cardview-v7:28.0.0] AndroidManifest.xml:17:1-22:12
MERGED from [com.tencent.tinker:tinker-android-loader:1.9.6] AndroidManifest.xml:2:1-161:12
MERGED from [com.android.support:support-v4:25.3.1] AndroidManifest.xml:17:1-31:12
MERGED from [com.android.support:animated-vector-drawable:28.0.0] AndroidManifest.xml:17:1-22:12
MERGED from [com.android.support:support-fragment:28.0.0] AndroidManifest.xml:17:1-22:12
MERGED from [com.android.support:support-core-ui:28.0.0] AndroidManifest.xml:17:1-22:12
MERGED from [com.android.support:support-core-utils:28.0.0] AndroidManifest.xml:17:1-22:12
MERGED from [com.android.support:loader:28.0.0] AndroidManifest.xml:17:1-22:12
MERGED from [android.arch.lifecycle:livedata:1.1.1] AndroidManifest.xml:17:1-22:12
MERGED from [android.arch.lifecycle:livedata-core:1.1.1] AndroidManifest.xml:17:1-22:12
MERGED from [com.android.support:support-media-compat:25.3.1] AndroidManifest.xml:17:1-31:12
MERGED from [com.android.support:support-vector-drawable:28.0.0] AndroidManifest.xml:17:1-22:12
MERGED from [com.android.support:viewpager:28.0.0] AndroidManifest.xml:17:1-22:12
MERGED from [com.android.support:coordinatorlayout:28.0.0] AndroidManifest.xml:17:1-22:12
MERGED from [com.android.support:drawerlayout:28.0.0] AndroidManifest.xml:17:1-22:12
MERGED from [com.android.support:slidingpanelayout:28.0.0] AndroidManifest.xml:17:1-22:12
MERGED from [com.android.support:customview:28.0.0] AndroidManifest.xml:17:1-22:12
MERGED from [com.android.support:swiperefreshlayout:28.0.0] AndroidManifest.xml:17:1-22:12
MERGED from [com.android.support:asynclayoutinflater:28.0.0] AndroidManifest.xml:17:1-22:12
MERGED from [com.android.support:support-compat:28.0.0] AndroidManifest.xml:17:1-24:12
MERGED from [android.arch.lifecycle:runtime:1.1.1] AndroidManifest.xml:17:1-22:12
MERGED from [android.arch.core:runtime:1.1.1] AndroidManifest.xml:17:1-22:12
MERGED from [com.android.support:documentfile:28.0.0] AndroidManifest.xml:17:1-22:12
MERGED from [com.android.support:localbroadcastmanager:28.0.0] AndroidManifest.xml:17:1-22:12
MERGED from [com.android.support:print:28.0.0] AndroidManifest.xml:17:1-22:12
MERGED from [android.arch.lifecycle:viewmodel:1.1.1] AndroidManifest.xml:17:1-22:12
MERGED from [com.android.support:cursoradapter:28.0.0] AndroidManifest.xml:17:1-22:12
MERGED from [com.android.support:versionedparcelable:28.0.0] AndroidManifest.xml:17:1-25:12
MERGED from [com.android.support:interpolator:28.0.0] AndroidManifest.xml:17:1-22:12
MERGED from [it.sephiroth.android.library.imagezoom:library:1.0.4] AndroidManifest.xml:1:106-7:12
MERGED from [it.sephiroth.android.library.easing:library:1.0.2] AndroidManifest.xml:1:116-8:12
INJECTED from src/main/AndroidManifest.xml:2:1-301:12
INJECTED from src/main/AndroidManifest.xml:2:1-301:12
INJECTED from src/main/AndroidManifest.xml:2:1-301:12
	package
		ADDED from src/main/AndroidManifest.xml:4:5-29
		INJECTED from src/main/AndroidManifest.xml
		INJECTED from src/main/AndroidManifest.xml
	android:versionName
		ADDED from src/main/AndroidManifest.xml:6:5-32
		INJECTED from src/main/AndroidManifest.xml
		INJECTED from src/main/AndroidManifest.xml
	xmlns:tools
		ADDED from src/main/AndroidManifest.xml:3:5-51
	xmlns:android
		ADDED from src/main/AndroidManifest.xml:2:11-69
	android:versionCode
		ADDED from src/main/AndroidManifest.xml:5:5-28
		INJECTED from src/main/AndroidManifest.xml
		INJECTED from src/main/AndroidManifest.xml
uses-sdk
ADDED from src/main/AndroidManifest.xml:8:5-74
INJECTED from src/main/AndroidManifest.xml:8:5-74
INJECTED from src/main/AndroidManifest.xml:8:5-74
MERGED from [com.squareup.leakcanary:leakcanary-android:1.5.4] AndroidManifest.xml:20:5-44
MERGED from [com.squareup.leakcanary:leakcanary-android:1.5.4] AndroidManifest.xml:20:5-44
MERGED from [com.zhihu.android:matisse:0.4.3] AndroidManifest.xml:20:5-22:41
MERGED from [com.zhihu.android:matisse:0.4.3] AndroidManifest.xml:20:5-22:41
MERGED from [com.github.chaychan:BottomBarLayout:1.1.2] AndroidManifest.xml:7:5-9:41
MERGED from [com.github.chaychan:BottomBarLayout:1.1.2] AndroidManifest.xml:7:5-9:41
MERGED from [com.android.support:design:28.0.0] AndroidManifest.xml:20:5-44
MERGED from [com.android.support:design:28.0.0] AndroidManifest.xml:20:5-44
MERGED from [com.android.support:appcompat-v7:28.0.0] AndroidManifest.xml:20:5-44
MERGED from [com.android.support:appcompat-v7:28.0.0] AndroidManifest.xml:20:5-44
MERGED from [io.reactivex.rxjava2:rxandroid:2.0.1] AndroidManifest.xml:19:5-43
MERGED from [io.reactivex.rxjava2:rxandroid:2.0.1] AndroidManifest.xml:19:5-43
MERGED from [com.android.support:recyclerview-v7:28.0.0] AndroidManifest.xml:20:5-44
MERGED from [com.android.support:recyclerview-v7:28.0.0] AndroidManifest.xml:20:5-44
MERGED from [me.imid.swipebacklayout.lib:library:1.1.0] AndroidManifest.xml:9:5-11:41
MERGED from [me.imid.swipebacklayout.lib:library:1.1.0] AndroidManifest.xml:9:5-11:41
MERGED from [com.github.chrisbanes:PhotoView:2.1.3] AndroidManifest.xml:8:5-10:41
MERGED from [com.github.chrisbanes:PhotoView:2.1.3] AndroidManifest.xml:8:5-10:41
MERGED from [top.zibin:Luban:1.1.8] AndroidManifest.xml:7:5-9:41
MERGED from [top.zibin:Luban:1.1.8] AndroidManifest.xml:7:5-9:41
MERGED from [me.jessyan:autosize:1.0.1] AndroidManifest.xml:7:5-9:41
MERGED from [me.jessyan:autosize:1.0.1] AndroidManifest.xml:7:5-9:41
MERGED from [q.rorbin:badgeview:1.1.3] AndroidManifest.xml:7:5-9:41
MERGED from [q.rorbin:badgeview:1.1.3] AndroidManifest.xml:7:5-9:41
MERGED from [com.github.medyo:dynamicbox:1.2] AndroidManifest.xml:7:5-9:41
MERGED from [com.github.medyo:dynamicbox:1.2] AndroidManifest.xml:7:5-9:41
MERGED from [com.scwang.smartrefresh:SmartRefreshLayout:1.1.0-alpha-14] AndroidManifest.xml:7:5-9:41
MERGED from [com.scwang.smartrefresh:SmartRefreshLayout:1.1.0-alpha-14] AndroidManifest.xml:7:5-9:41
MERGED from [com.scwang.smartrefresh:SmartRefreshHeader:1.1.0-alpha-14] AndroidManifest.xml:7:5-9:41
MERGED from [com.scwang.smartrefresh:SmartRefreshHeader:1.1.0-alpha-14] AndroidManifest.xml:7:5-9:41
MERGED from [com.jakewharton:butterknife:8.4.0] AndroidManifest.xml:5:5-43
MERGED from [com.jakewharton:butterknife:8.4.0] AndroidManifest.xml:5:5-43
MERGED from [com.github.hotchemi:permissionsdispatcher:2.3.1] AndroidManifest.xml:6:5-9:55
MERGED from [com.github.hotchemi:permissionsdispatcher:2.3.1] AndroidManifest.xml:6:5-9:55
MERGED from [com.android.support:multidex:1.0.1] AndroidManifest.xml:18:5-42
MERGED from [com.android.support:multidex:1.0.1] AndroidManifest.xml:18:5-42
MERGED from [com.tencent.bugly:crashreport_upgrade:1.3.5] AndroidManifest.xml:6:5-8:41
MERGED from [com.tencent.bugly:crashreport_upgrade:1.3.5] AndroidManifest.xml:6:5-8:41
MERGED from [com.tencent.tinker:tinker-android-lib:1.9.6] AndroidManifest.xml:5:5-7:41
MERGED from [com.tencent.tinker:tinker-android-lib:1.9.6] AndroidManifest.xml:5:5-7:41
MERGED from [com.tencent.bugly:nativecrashreport:3.3.1] AndroidManifest.xml:5:5-7:41
MERGED from [com.tencent.bugly:nativecrashreport:3.3.1] AndroidManifest.xml:5:5-7:41
MERGED from [com.meituan.android.walle:library:1.1.6] AndroidManifest.xml:6:5-8:41
MERGED from [com.meituan.android.walle:library:1.1.6] AndroidManifest.xml:6:5-8:41
MERGED from [cn.jiguang.sdk:jpush:3.1.6] AndroidManifest.xml:7:5-9:41
MERGED from [cn.jiguang.sdk:jpush:3.1.6] AndroidManifest.xml:7:5-9:41
MERGED from [cn.jiguang.sdk:jcore:1.2.5] AndroidManifest.xml:7:5-9:41
MERGED from [cn.jiguang.sdk:jcore:1.2.5] AndroidManifest.xml:7:5-9:41
MERGED from [com.squareup.leakcanary:leakcanary-analyzer:1.5.4] AndroidManifest.xml:21:5-44
MERGED from [com.squareup.leakcanary:leakcanary-analyzer:1.5.4] AndroidManifest.xml:21:5-44
MERGED from [com.android.support:transition:28.0.0] AndroidManifest.xml:20:5-44
MERGED from [com.android.support:transition:28.0.0] AndroidManifest.xml:20:5-44
MERGED from [com.android.support:cardview-v7:28.0.0] AndroidManifest.xml:20:5-44
MERGED from [com.android.support:cardview-v7:28.0.0] AndroidManifest.xml:20:5-44
MERGED from [com.tencent.tinker:tinker-android-loader:1.9.6] AndroidManifest.xml:5:5-7:41
MERGED from [com.tencent.tinker:tinker-android-loader:1.9.6] AndroidManifest.xml:5:5-7:41
MERGED from [com.android.support:support-v4:25.3.1] AndroidManifest.xml:21:5-23:54
MERGED from [com.android.support:support-v4:25.3.1] AndroidManifest.xml:21:5-23:54
MERGED from [com.android.support:animated-vector-drawable:28.0.0] AndroidManifest.xml:20:5-44
MERGED from [com.android.support:animated-vector-drawable:28.0.0] AndroidManifest.xml:20:5-44
MERGED from [com.android.support:support-fragment:28.0.0] AndroidManifest.xml:20:5-44
MERGED from [com.android.support:support-fragment:28.0.0] AndroidManifest.xml:20:5-44
MERGED from [com.android.support:support-core-ui:28.0.0] AndroidManifest.xml:20:5-44
MERGED from [com.android.support:support-core-ui:28.0.0] AndroidManifest.xml:20:5-44
MERGED from [com.android.support:support-core-utils:28.0.0] AndroidManifest.xml:20:5-44
MERGED from [com.android.support:support-core-utils:28.0.0] AndroidManifest.xml:20:5-44
MERGED from [com.android.support:loader:28.0.0] AndroidManifest.xml:20:5-44
MERGED from [com.android.support:loader:28.0.0] AndroidManifest.xml:20:5-44
MERGED from [android.arch.lifecycle:livedata:1.1.1] AndroidManifest.xml:20:5-44
MERGED from [android.arch.lifecycle:livedata:1.1.1] AndroidManifest.xml:20:5-44
MERGED from [android.arch.lifecycle:livedata-core:1.1.1] AndroidManifest.xml:20:5-44
MERGED from [android.arch.lifecycle:livedata-core:1.1.1] AndroidManifest.xml:20:5-44
MERGED from [com.android.support:support-media-compat:25.3.1] AndroidManifest.xml:21:5-23:63
MERGED from [com.android.support:support-media-compat:25.3.1] AndroidManifest.xml:21:5-23:63
MERGED from [com.android.support:support-vector-drawable:28.0.0] AndroidManifest.xml:20:5-44
MERGED from [com.android.support:support-vector-drawable:28.0.0] AndroidManifest.xml:20:5-44
MERGED from [com.android.support:viewpager:28.0.0] AndroidManifest.xml:20:5-44
MERGED from [com.android.support:viewpager:28.0.0] AndroidManifest.xml:20:5-44
MERGED from [com.android.support:coordinatorlayout:28.0.0] AndroidManifest.xml:20:5-44
MERGED from [com.android.support:coordinatorlayout:28.0.0] AndroidManifest.xml:20:5-44
MERGED from [com.android.support:drawerlayout:28.0.0] AndroidManifest.xml:20:5-44
MERGED from [com.android.support:drawerlayout:28.0.0] AndroidManifest.xml:20:5-44
MERGED from [com.android.support:slidingpanelayout:28.0.0] AndroidManifest.xml:20:5-44
MERGED from [com.android.support:slidingpanelayout:28.0.0] AndroidManifest.xml:20:5-44
MERGED from [com.android.support:customview:28.0.0] AndroidManifest.xml:20:5-44
MERGED from [com.android.support:customview:28.0.0] AndroidManifest.xml:20:5-44
MERGED from [com.android.support:swiperefreshlayout:28.0.0] AndroidManifest.xml:20:5-44
MERGED from [com.android.support:swiperefreshlayout:28.0.0] AndroidManifest.xml:20:5-44
MERGED from [com.android.support:asynclayoutinflater:28.0.0] AndroidManifest.xml:20:5-44
MERGED from [com.android.support:asynclayoutinflater:28.0.0] AndroidManifest.xml:20:5-44
MERGED from [com.android.support:support-compat:28.0.0] AndroidManifest.xml:20:5-44
MERGED from [com.android.support:support-compat:28.0.0] AndroidManifest.xml:20:5-44
MERGED from [android.arch.lifecycle:runtime:1.1.1] AndroidManifest.xml:20:5-44
MERGED from [android.arch.lifecycle:runtime:1.1.1] AndroidManifest.xml:20:5-44
MERGED from [android.arch.core:runtime:1.1.1] AndroidManifest.xml:20:5-44
MERGED from [android.arch.core:runtime:1.1.1] AndroidManifest.xml:20:5-44
MERGED from [com.android.support:documentfile:28.0.0] AndroidManifest.xml:20:5-44
MERGED from [com.android.support:documentfile:28.0.0] AndroidManifest.xml:20:5-44
MERGED from [com.android.support:localbroadcastmanager:28.0.0] AndroidManifest.xml:20:5-44
MERGED from [com.android.support:localbroadcastmanager:28.0.0] AndroidManifest.xml:20:5-44
MERGED from [com.android.support:print:28.0.0] AndroidManifest.xml:20:5-44
MERGED from [com.android.support:print:28.0.0] AndroidManifest.xml:20:5-44
MERGED from [android.arch.lifecycle:viewmodel:1.1.1] AndroidManifest.xml:20:5-44
MERGED from [android.arch.lifecycle:viewmodel:1.1.1] AndroidManifest.xml:20:5-44
MERGED from [com.android.support:cursoradapter:28.0.0] AndroidManifest.xml:20:5-44
MERGED from [com.android.support:cursoradapter:28.0.0] AndroidManifest.xml:20:5-44
MERGED from [com.android.support:versionedparcelable:28.0.0] AndroidManifest.xml:20:5-44
MERGED from [com.android.support:versionedparcelable:28.0.0] AndroidManifest.xml:20:5-44
MERGED from [com.android.support:interpolator:28.0.0] AndroidManifest.xml:20:5-44
MERGED from [com.android.support:interpolator:28.0.0] AndroidManifest.xml:20:5-44
MERGED from [it.sephiroth.android.library.imagezoom:library:1.0.4] AndroidManifest.xml:3:5-72
MERGED from [it.sephiroth.android.library.imagezoom:library:1.0.4] AndroidManifest.xml:3:5-72
MERGED from [it.sephiroth.android.library.easing:library:1.0.2] AndroidManifest.xml:3:5-72
MERGED from [it.sephiroth.android.library.easing:library:1.0.2] AndroidManifest.xml:3:5-72
INJECTED from src/main/AndroidManifest.xml:8:5-74
INJECTED from src/main/AndroidManifest.xml:8:5-74
	tools:overrideLibrary
		ADDED from [com.github.hotchemi:permissionsdispatcher:2.3.1] AndroidManifest.xml:9:9-52
	android:targetSdkVersion
		ADDED from src/main/AndroidManifest.xml:8:42-71
		INJECTED from src/main/AndroidManifest.xml
		INJECTED from src/main/AndroidManifest.xml
	android:minSdkVersion
		ADDED from src/main/AndroidManifest.xml:8:15-41
		INJECTED from src/main/AndroidManifest.xml
		INJECTED from src/main/AndroidManifest.xml
uses-permission#android.permission.INTERNET
ADDED from src/main/AndroidManifest.xml:11:5-67
MERGED from [com.tencent.bugly:crashreport_upgrade:1.3.5] AndroidManifest.xml:12:5-67
MERGED from [com.tencent.bugly:crashreport_upgrade:1.3.5] AndroidManifest.xml:12:5-67
MERGED from [cn.jiguang.sdk:jpush:3.1.6] AndroidManifest.xml:18:5-67
MERGED from [cn.jiguang.sdk:jpush:3.1.6] AndroidManifest.xml:18:5-67
	android:name
		ADDED from src/main/AndroidManifest.xml:11:22-64
uses-permission#android.permission.ACCESS_WIFI_STATE
ADDED from src/main/AndroidManifest.xml:13:5-76
MERGED from [com.tencent.bugly:crashreport_upgrade:1.3.5] AndroidManifest.xml:14:5-76
MERGED from [com.tencent.bugly:crashreport_upgrade:1.3.5] AndroidManifest.xml:14:5-76
MERGED from [cn.jiguang.sdk:jpush:3.1.6] AndroidManifest.xml:27:5-76
MERGED from [cn.jiguang.sdk:jpush:3.1.6] AndroidManifest.xml:27:5-76
	android:name
		ADDED from src/main/AndroidManifest.xml:13:22-73
uses-permission#android.permission.ACCESS_NETWORK_STATE
ADDED from src/main/AndroidManifest.xml:15:5-79
MERGED from [com.tencent.bugly:crashreport_upgrade:1.3.5] AndroidManifest.xml:13:5-79
MERGED from [com.tencent.bugly:crashreport_upgrade:1.3.5] AndroidManifest.xml:13:5-79
MERGED from [cn.jiguang.sdk:jpush:3.1.6] AndroidManifest.xml:26:5-79
MERGED from [cn.jiguang.sdk:jpush:3.1.6] AndroidManifest.xml:26:5-79
	android:name
		ADDED from src/main/AndroidManifest.xml:15:22-76
uses-permission#android.permission.CHANGE_NETWORK_STATE
ADDED from src/main/AndroidManifest.xml:16:5-79
MERGED from [cn.jiguang.sdk:jpush:3.1.6] AndroidManifest.xml:35:5-79
MERGED from [cn.jiguang.sdk:jpush:3.1.6] AndroidManifest.xml:35:5-79
	android:name
		ADDED from src/main/AndroidManifest.xml:16:22-76
uses-permission#android.permission.CHANGE_WIFI_STATE
ADDED from src/main/AndroidManifest.xml:18:5-76
MERGED from [cn.jiguang.sdk:jpush:3.1.6] AndroidManifest.xml:32:5-76
MERGED from [cn.jiguang.sdk:jpush:3.1.6] AndroidManifest.xml:32:5-76
	android:name
		ADDED from src/main/AndroidManifest.xml:18:22-73
uses-permission#android.permission.MOUNT_UNMOUNT_FILESYSTEMS
ADDED from src/main/AndroidManifest.xml:20:5-21:46
MERGED from [cn.jiguang.sdk:jpush:3.1.6] AndroidManifest.xml:25:5-84
MERGED from [cn.jiguang.sdk:jpush:3.1.6] AndroidManifest.xml:25:5-84
	tools:ignore
		ADDED from src/main/AndroidManifest.xml:21:9-44
	android:name
		ADDED from src/main/AndroidManifest.xml:20:22-81
uses-permission#android.permission.READ_LOGS
ADDED from src/main/AndroidManifest.xml:23:5-24:47
MERGED from [com.tencent.bugly:crashreport_upgrade:1.3.5] AndroidManifest.xml:15:5-68
MERGED from [com.tencent.bugly:crashreport_upgrade:1.3.5] AndroidManifest.xml:15:5-68
	tools:ignore
		ADDED from src/main/AndroidManifest.xml:24:9-44
	android:name
		ADDED from src/main/AndroidManifest.xml:23:22-65
uses-permission#android.permission.REQUEST_INSTALL_PACKAGES
ADDED from src/main/AndroidManifest.xml:26:5-83
MERGED from [com.tencent.bugly:crashreport_upgrade:1.3.5] AndroidManifest.xml:17:5-83
MERGED from [com.tencent.bugly:crashreport_upgrade:1.3.5] AndroidManifest.xml:17:5-83
	android:name
		ADDED from src/main/AndroidManifest.xml:26:22-80
uses-permission#android.permission.READ_PHONE_STATE
ADDED from src/main/AndroidManifest.xml:29:5-75
MERGED from [com.tencent.bugly:crashreport_upgrade:1.3.5] AndroidManifest.xml:11:5-75
MERGED from [com.tencent.bugly:crashreport_upgrade:1.3.5] AndroidManifest.xml:11:5-75
MERGED from [cn.jiguang.sdk:jpush:3.1.6] AndroidManifest.xml:20:5-75
MERGED from [cn.jiguang.sdk:jpush:3.1.6] AndroidManifest.xml:20:5-75
	android:name
		ADDED from src/main/AndroidManifest.xml:29:22-72
uses-permission#android.permission.CALL_PHONE
ADDED from src/main/AndroidManifest.xml:31:5-69
	android:name
		ADDED from src/main/AndroidManifest.xml:31:22-66
uses-permission#android.permission.CAMERA
ADDED from src/main/AndroidManifest.xml:33:5-65
	android:name
		ADDED from src/main/AndroidManifest.xml:33:22-62
uses-permission#android.permission.READ_EXTERNAL_STORAGE
ADDED from src/main/AndroidManifest.xml:35:5-80
MERGED from [com.squareup.leakcanary:leakcanary-android:1.5.4] AndroidManifest.xml:23:5-80
MERGED from [com.squareup.leakcanary:leakcanary-android:1.5.4] AndroidManifest.xml:23:5-80
MERGED from [com.zhihu.android:matisse:0.4.3] AndroidManifest.xml:25:5-80
MERGED from [com.zhihu.android:matisse:0.4.3] AndroidManifest.xml:25:5-80
MERGED from [cn.jiguang.sdk:jpush:3.1.6] AndroidManifest.xml:22:5-80
MERGED from [cn.jiguang.sdk:jpush:3.1.6] AndroidManifest.xml:22:5-80
	android:name
		ADDED from src/main/AndroidManifest.xml:35:22-77
uses-permission#android.permission.WRITE_EXTERNAL_STORAGE
ADDED from src/main/AndroidManifest.xml:36:5-81
MERGED from [com.squareup.leakcanary:leakcanary-android:1.5.4] AndroidManifest.xml:24:5-81
MERGED from [com.squareup.leakcanary:leakcanary-android:1.5.4] AndroidManifest.xml:24:5-81
MERGED from [com.zhihu.android:matisse:0.4.3] AndroidManifest.xml:24:5-81
MERGED from [com.zhihu.android:matisse:0.4.3] AndroidManifest.xml:24:5-81
MERGED from [com.tencent.bugly:crashreport_upgrade:1.3.5] AndroidManifest.xml:16:5-81
MERGED from [com.tencent.bugly:crashreport_upgrade:1.3.5] AndroidManifest.xml:16:5-81
MERGED from [cn.jiguang.sdk:jpush:3.1.6] AndroidManifest.xml:21:5-81
MERGED from [cn.jiguang.sdk:jpush:3.1.6] AndroidManifest.xml:21:5-81
	android:name
		ADDED from src/main/AndroidManifest.xml:36:22-78
uses-permission#android.permission.ACCESS_FINE_LOCATION
ADDED from src/main/AndroidManifest.xml:38:5-79
MERGED from [cn.jiguang.sdk:jpush:3.1.6] AndroidManifest.xml:33:5-79
MERGED from [cn.jiguang.sdk:jpush:3.1.6] AndroidManifest.xml:33:5-79
	android:name
		ADDED from src/main/AndroidManifest.xml:38:22-76
uses-permission#android.permission.ACCESS_COARSE_LOCATION
ADDED from src/main/AndroidManifest.xml:40:5-80
MERGED from [cn.jiguang.sdk:jpush:3.1.6] AndroidManifest.xml:31:5-81
MERGED from [cn.jiguang.sdk:jpush:3.1.6] AndroidManifest.xml:31:5-81
	android:name
		ADDED from src/main/AndroidManifest.xml:40:22-78
permission#com.huayuan.oa.permission.JPUSH_MESSAGE
ADDED from src/main/AndroidManifest.xml:43:5-45:47
MERGED from [cn.jiguang.sdk:jpush:3.1.6] AndroidManifest.xml:11:5-13:47
	android:protectionLevel
		ADDED from src/main/AndroidManifest.xml:45:9-44
	android:name
		ADDED from src/main/AndroidManifest.xml:44:9-63
uses-permission#com.huayuan.oa.permission.JPUSH_MESSAGE
ADDED from src/main/AndroidManifest.xml:48:5-79
MERGED from [cn.jiguang.sdk:jpush:3.1.6] AndroidManifest.xml:16:5-81
	android:name
		ADDED from src/main/AndroidManifest.xml:48:22-76
uses-permission#android.permission.RECEIVE_USER_PRESENT
ADDED from src/main/AndroidManifest.xml:49:5-79
MERGED from [cn.jiguang.sdk:jpush:3.1.6] AndroidManifest.xml:17:5-79
MERGED from [cn.jiguang.sdk:jpush:3.1.6] AndroidManifest.xml:17:5-79
	android:name
		ADDED from src/main/AndroidManifest.xml:49:22-76
uses-permission#android.permission.WRITE_SETTINGS
ADDED from src/main/AndroidManifest.xml:50:5-51:47
MERGED from [cn.jiguang.sdk:jpush:3.1.6] AndroidManifest.xml:23:5-73
MERGED from [cn.jiguang.sdk:jpush:3.1.6] AndroidManifest.xml:23:5-73
	tools:ignore
		ADDED from src/main/AndroidManifest.xml:51:9-44
	android:name
		ADDED from src/main/AndroidManifest.xml:50:22-70
uses-permission#android.permission.VIBRATE
ADDED from src/main/AndroidManifest.xml:54:5-66
MERGED from [cn.jiguang.sdk:jpush:3.1.6] AndroidManifest.xml:24:5-66
MERGED from [cn.jiguang.sdk:jpush:3.1.6] AndroidManifest.xml:24:5-66
	android:name
		ADDED from src/main/AndroidManifest.xml:54:22-63
uses-permission#android.permission.SYSTEM_ALERT_WINDOW
ADDED from src/main/AndroidManifest.xml:55:5-78
MERGED from [cn.jiguang.sdk:jpush:3.1.6] AndroidManifest.xml:30:5-78
MERGED from [cn.jiguang.sdk:jpush:3.1.6] AndroidManifest.xml:30:5-78
	android:name
		ADDED from src/main/AndroidManifest.xml:55:22-75
uses-permission#android.permission.ACCESS_LOCATION_EXTRA_COMMANDS
ADDED from src/main/AndroidManifest.xml:56:5-89
MERGED from [cn.jiguang.sdk:jpush:3.1.6] AndroidManifest.xml:34:5-89
MERGED from [cn.jiguang.sdk:jpush:3.1.6] AndroidManifest.xml:34:5-89
	android:name
		ADDED from src/main/AndroidManifest.xml:56:22-86
uses-permission#android.permission.GET_TASKS
ADDED from src/main/AndroidManifest.xml:57:5-68
	android:name
		ADDED from src/main/AndroidManifest.xml:57:22-65
application
ADDED from src/main/AndroidManifest.xml:59:5-299:19
MERGED from [com.squareup.leakcanary:leakcanary-android:1.5.4] AndroidManifest.xml:26:5-59:19
MERGED from [com.squareup.leakcanary:leakcanary-android:1.5.4] AndroidManifest.xml:26:5-59:19
MERGED from [com.zhihu.android:matisse:0.4.3] AndroidManifest.xml:27:5-31:19
MERGED from [com.zhihu.android:matisse:0.4.3] AndroidManifest.xml:27:5-31:19
MERGED from [com.github.chaychan:BottomBarLayout:1.1.2] AndroidManifest.xml:11:5-15:19
MERGED from [com.github.chaychan:BottomBarLayout:1.1.2] AndroidManifest.xml:11:5-15:19
MERGED from [com.android.support:design:28.0.0] AndroidManifest.xml:22:5-20
MERGED from [com.android.support:design:28.0.0] AndroidManifest.xml:22:5-20
MERGED from [me.imid.swipebacklayout.lib:library:1.1.0] AndroidManifest.xml:13:5-20
MERGED from [me.imid.swipebacklayout.lib:library:1.1.0] AndroidManifest.xml:13:5-20
MERGED from [me.jessyan:autosize:1.0.1] AndroidManifest.xml:11:5-17:19
MERGED from [me.jessyan:autosize:1.0.1] AndroidManifest.xml:11:5-17:19
MERGED from [q.rorbin:badgeview:1.1.3] AndroidManifest.xml:11:5-20
MERGED from [q.rorbin:badgeview:1.1.3] AndroidManifest.xml:11:5-20
MERGED from [com.scwang.smartrefresh:SmartRefreshLayout:1.1.0-alpha-14] AndroidManifest.xml:11:5-15:19
MERGED from [com.scwang.smartrefresh:SmartRefreshLayout:1.1.0-alpha-14] AndroidManifest.xml:11:5-15:19
MERGED from [com.scwang.smartrefresh:SmartRefreshHeader:1.1.0-alpha-14] AndroidManifest.xml:11:5-15:19
MERGED from [com.scwang.smartrefresh:SmartRefreshHeader:1.1.0-alpha-14] AndroidManifest.xml:11:5-15:19
MERGED from [com.tencent.bugly:crashreport_upgrade:1.3.5] AndroidManifest.xml:20:5-44:19
MERGED from [com.tencent.bugly:crashreport_upgrade:1.3.5] AndroidManifest.xml:20:5-44:19
MERGED from [com.tencent.tinker:tinker-android-lib:1.9.6] AndroidManifest.xml:9:5-26:19
MERGED from [com.tencent.tinker:tinker-android-lib:1.9.6] AndroidManifest.xml:9:5-26:19
MERGED from [com.meituan.android.walle:library:1.1.6] AndroidManifest.xml:10:5-11:19
MERGED from [com.meituan.android.walle:library:1.1.6] AndroidManifest.xml:10:5-11:19
MERGED from [cn.jiguang.sdk:jpush:3.1.6] AndroidManifest.xml:37:5-132:19
MERGED from [cn.jiguang.sdk:jpush:3.1.6] AndroidManifest.xml:37:5-132:19
MERGED from [cn.jiguang.sdk:jcore:1.2.5] AndroidManifest.xml:11:5-12:19
MERGED from [cn.jiguang.sdk:jcore:1.2.5] AndroidManifest.xml:11:5-12:19
MERGED from [com.squareup.leakcanary:leakcanary-analyzer:1.5.4] AndroidManifest.xml:23:5-20
MERGED from [com.squareup.leakcanary:leakcanary-analyzer:1.5.4] AndroidManifest.xml:23:5-20
MERGED from [com.tencent.tinker:tinker-android-loader:1.9.6] AndroidManifest.xml:9:5-159:19
MERGED from [com.tencent.tinker:tinker-android-loader:1.9.6] AndroidManifest.xml:9:5-159:19
MERGED from [com.android.support:support-v4:25.3.1] AndroidManifest.xml:29:5-20
MERGED from [com.android.support:support-v4:25.3.1] AndroidManifest.xml:29:5-20
MERGED from [com.android.support:support-media-compat:25.3.1] AndroidManifest.xml:29:5-20
MERGED from [com.android.support:support-media-compat:25.3.1] AndroidManifest.xml:29:5-20
MERGED from [com.android.support:support-compat:28.0.0] AndroidManifest.xml:22:5-94
MERGED from [com.android.support:support-compat:28.0.0] AndroidManifest.xml:22:5-94
MERGED from [com.android.support:versionedparcelable:28.0.0] AndroidManifest.xml:22:5-23:19
MERGED from [com.android.support:versionedparcelable:28.0.0] AndroidManifest.xml:22:5-23:19
MERGED from [it.sephiroth.android.library.imagezoom:library:1.0.4] AndroidManifest.xml:5:5-19
MERGED from [it.sephiroth.android.library.imagezoom:library:1.0.4] AndroidManifest.xml:5:5-19
MERGED from [it.sephiroth.android.library.easing:library:1.0.2] AndroidManifest.xml:5:5-6:19
MERGED from [it.sephiroth.android.library.easing:library:1.0.2] AndroidManifest.xml:5:5-6:19
	android:appComponentFactory
		ADDED from [com.android.support:support-compat:28.0.0] AndroidManifest.xml:22:18-91
	android:supportsRtl
		ADDED from src/main/AndroidManifest.xml:65:9-35
	android:label
		ADDED from src/main/AndroidManifest.xml:63:9-41
	android:roundIcon
		ADDED from src/main/AndroidManifest.xml:64:9-48
	android:icon
		ADDED from src/main/AndroidManifest.xml:62:9-43
	android:allowBackup
		ADDED from src/main/AndroidManifest.xml:61:9-35
	android:theme
		ADDED from src/main/AndroidManifest.xml:68:9-40
	android:networkSecurityConfig
		ADDED from src/main/AndroidManifest.xml:67:9-69
	tools:replace
		ADDED from src/main/AndroidManifest.xml:66:9-29
	android:name
		ADDED from src/main/AndroidManifest.xml:60:9-45
meta-data#design_width_in_dp
ADDED from src/main/AndroidManifest.xml:70:9-72:34
	android:value
		ADDED from src/main/AndroidManifest.xml:72:13-32
	android:name
		ADDED from src/main/AndroidManifest.xml:71:13-46
meta-data#design_height_in_dp
ADDED from src/main/AndroidManifest.xml:73:9-75:34
	android:value
		ADDED from src/main/AndroidManifest.xml:75:13-32
	android:name
		ADDED from src/main/AndroidManifest.xml:74:13-47
meta-data#com.baidu.lbsapi.API_KEY
ADDED from src/main/AndroidManifest.xml:77:9-80:21
	android:value
		ADDED from src/main/AndroidManifest.xml:79:13-61
	android:name
		ADDED from src/main/AndroidManifest.xml:78:13-52
activity#com.huayuan.oa.ui.activity.SplashActivity
ADDED from src/main/AndroidManifest.xml:82:9-89:20
	android:theme
		ADDED from src/main/AndroidManifest.xml:83:13-50
	android:name
		ADDED from src/main/AndroidManifest.xml:82:19-61
intent-filter#action:name:android.intent.action.MAIN+category:name:android.intent.category.LAUNCHER
ADDED from src/main/AndroidManifest.xml:84:13-88:29